Platanus version: 1.2.4
platanus assemble -o G14_ec_batches -f reads.1.fastq reads.2.fastq reads.me.fastq -t 40 -m 700 

K = 32, saving kmers from reads...
AVE_READ_LEN=129.172

KMER_EXTENSION:
K=32, KMER_COVERAGE=58.4773 (>= 20), COVERAGE_CUTOFF=20
K=42, KMER_COVERAGE=52.5207, COVERAGE_CUTOFF=12, PROB_SPLIT=10e-10.3461
K=52, KMER_COVERAGE=46.5641, COVERAGE_CUTOFF=9, PROB_SPLIT=10e-10.3626
K=62, KMER_COVERAGE=40.6074, COVERAGE_CUTOFF=6, PROB_SPLIT=10e-10.5749
K=72, KMER_COVERAGE=34.6508, COVERAGE_CUTOFF=4, PROB_SPLIT=10e-10.1282
K=81, KMER_COVERAGE=29.2898, COVERAGE_CUTOFF=2, PROB_SPLIT=10e-10.2391
K=83, KMER_COVERAGE=28.0985, COVERAGE_CUTOFF=2, PROB_SPLIT=10e-10.262
K=84, KMER_COVERAGE=27.5028, COVERAGE_CUTOFF=2, PROB_SPLIT=10e-10.1884
loading kmers...
connecting kmers...
removing branches...
BRANCH_DELETE_THRESHOLD=0.5
NUM_CUT=35921
NUM_CUT=167
NUM_CUT=1
NUM_CUT=0
TOTAL_NUM_CUT=36089
mapping reads on de Bruijn Graph nodes...
TOTAL_MAPPED_READS=41060854
TOTAL_UNMAPPED_READS=29536693
TOTAL_SHORT_READS(<32)=37298
NUM_DELETE_NODE(reads are unmapped)=105920
NUM_CUT_NODE=14591
extracting reads (containing kmer used in contig assemble)...
K = 42, loading kmers from contigs...
K = 42, saving additional kmers(not found in contigs) from reads...
COVERAGE_CUTOFF = 12
loading kmers...
connecting kmers...
removing branches...
BRANCH_DELETE_THRESHOLD=0.5
NUM_CUT=49786
NUM_CUT=312
NUM_CUT=2
NUM_CUT=0
TOTAL_NUM_CUT=50100
mapping reads on de Bruijn Graph nodes...
TOTAL_MAPPED_READS=41322390
TOTAL_UNMAPPED_READS=29250369
TOTAL_SHORT_READS(<42)=62086
NUM_DELETE_NODE(reads are unmapped)=76467
NUM_CUT_NODE=14802
extracting reads (containing kmer used in contig assemble)...
K = 52, loading kmers from contigs...
K = 52, saving additional kmers(not found in contigs) from reads...
COVERAGE_CUTOFF = 9
loading kmers...
connecting kmers...
removing branches...
BRANCH_DELETE_THRESHOLD=0.5
NUM_CUT=55503
NUM_CUT=421
NUM_CUT=5
NUM_CUT=0
TOTAL_NUM_CUT=55929
mapping reads on de Bruijn Graph nodes...
TOTAL_MAPPED_READS=41255707
TOTAL_UNMAPPED_READS=29294525
TOTAL_SHORT_READS(<52)=84613
NUM_DELETE_NODE(reads are unmapped)=78530
NUM_CUT_NODE=16538
extracting reads (containing kmer used in contig assemble)...
K = 62, loading kmers from contigs...
K = 62, saving additional kmers(not found in contigs) from reads...
COVERAGE_CUTOFF = 6
loading kmers...
connecting kmers...
removing branches...
BRANCH_DELETE_THRESHOLD=0.5
NUM_CUT=75296
NUM_CUT=584
NUM_CUT=2
NUM_CUT=0
TOTAL_NUM_CUT=75882
mapping reads on de Bruijn Graph nodes...
TOTAL_MAPPED_READS=41281132
TOTAL_UNMAPPED_READS=29248531
TOTAL_SHORT_READS(<62)=105182
NUM_DELETE_NODE(reads are unmapped)=92619
NUM_CUT_NODE=18441
extracting reads (containing kmer used in contig assemble)...
K = 72, loading kmers from contigs...
K = 72, saving additional kmers(not found in contigs) from reads...
COVERAGE_CUTOFF = 4
loading kmers...
connecting kmers...
removing branches...
BRANCH_DELETE_THRESHOLD=0.5
NUM_CUT=102224
NUM_CUT=903
NUM_CUT=10
NUM_CUT=0
TOTAL_NUM_CUT=103137
mapping reads on de Bruijn Graph nodes...
TOTAL_MAPPED_READS=41308062
TOTAL_UNMAPPED_READS=29201692
TOTAL_SHORT_READS(<72)=125091
NUM_DELETE_NODE(reads are unmapped)=108551
NUM_CUT_NODE=21100
extracting reads (containing kmer used in contig assemble)...
K = 81, loading kmers from contigs...
K = 81, saving additional kmers(not found in contigs) from reads...
COVERAGE_CUTOFF = 2
loading kmers...
connecting kmers...
removing branches...
BRANCH_DELETE_THRESHOLD=0.5
NUM_CUT=212656
NUM_CUT=2345
NUM_CUT=18
NUM_CUT=0
TOTAL_NUM_CUT=215019
mapping reads on de Bruijn Graph nodes...
TOTAL_MAPPED_READS=41513622
TOTAL_UNMAPPED_READS=28977004
TOTAL_SHORT_READS(<81)=144219
NUM_DELETE_NODE(reads are unmapped)=131947
NUM_CUT_NODE=27810
extracting reads (containing kmer used in contig assemble)...
K = 83, loading kmers from contigs...
K = 83, saving additional kmers(not found in contigs) from reads...
COVERAGE_CUTOFF = 2
loading kmers...
connecting kmers...
removing branches...
BRANCH_DELETE_THRESHOLD=0.5
NUM_CUT=159766
NUM_CUT=1075
NUM_CUT=5
NUM_CUT=0
TOTAL_NUM_CUT=160846
mapping reads on de Bruijn Graph nodes...
TOTAL_MAPPED_READS=41492713
TOTAL_UNMAPPED_READS=28993007
TOTAL_SHORT_READS(<83)=149125
NUM_DELETE_NODE(reads are unmapped)=66233
NUM_CUT_NODE=27537
extracting reads (containing kmer used in contig assemble)...
K = 84, loading kmers from contigs...
K = 84, saving additional kmers(not found in contigs) from reads...
COVERAGE_CUTOFF = 2
loading kmers...
connecting kmers...
removing branches...
BRANCH_DELETE_THRESHOLD=0.5
NUM_CUT=142034
NUM_CUT=705
NUM_CUT=4
NUM_CUT=1
NUM_CUT=0
TOTAL_NUM_CUT=142744
LENGTH_CUTOFF = 168
COVERAGE_CUTOFF = 6
removing erroneous nodes...
NUM_REMOVED_NODES=239505
NUM_REMOVED_NODES=38405
NUM_REMOVED_NODES=161
NUM_REMOVED_NODES=1
NUM_REMOVED_NODES=0
TOTAL_NUM_REMOVED_NODES=278072
AVE_KMER_COV_REMOVING_BUBBLE=27.3702
removing bubbles...
BUBBLE_IDENTITY_THRESHOLD=0.1
NUM_REMOVED_BUBBLES=3967
NUM_REMOVED_BUBBLES=22
NUM_REMOVED_BUBBLES=0
TOTAL_NUM_REMOVED_BUBBLES=3989
mapping reads on de Bruijn Graph nodes...
TOTAL_MAPPED_READS=40773236
TOTAL_UNMAPPED_READS=29710145
TOTAL_SHORT_READS(<84)=151464
NUM_DELETE_NODE(reads are unmapped)=12836
NUM_CUT_NODE=23930
assemble completed!

#### PROCESS INFORMATION ####
VmPeak:         515.002 GByte
VmHWM:           35.408 GByte
