*******************************************

********** Used parameters: **********
No. of input files           : 1
Output file name             : batch-00000004-k27.kmc.00000
No. of working directories   : 1
Input format                 : FASTQ

k-mer length                 : 27
Max. k-mer length            : 256
Signature length             : 7
Min. count threshold         : 2
Max. count threshold         : 1000000000
Max. counter value           : 255
Type of counters             : direct
Both strands                 : true
RAM olny mode                : false

******* Stage 1 configuration: *******

No. of bins                  : 512
Bin part size                : 65536
Input buffer size            : 6291456

No. of readers               : 1
No. of splitters             : 7

Max. mem. size               :  4000MB
Max. mem. per storer         :  2123MB
Max. mem. for single package :    33MB

Max. mem. for PMM (bin parts):  3266MB
Max. mem. for PMM (FASTQ)    :   661MB
Max. mem. for PMM (reads)    :     1MB

************************************************************************************************************************************************************************************************************************************************************************************************************************************************************************************************************************************************************************************************************************************************************************************************************************************************************************************************************************************************************************************************************************************************************************************************************************************************************************************************************************************************************************************************************************************************************************************************************************************************************************************************************************************************************************************************************************************************************************************************************************************************************************************************************************************************************************************************************************************************************************************************************************************************************************************************************************************************************************************************************************************************************************************************************************************************************************************************************************************************************************************************************************************************************************************************

******* Stage 2 configuration: *******
No. of sorters               : 8
No. of sort. threads         : 1, 1, 1, 1, 1, 1, 1, 1

Max. mem. for 2nd stage      :  3995MB

********************************************************************************************************************************************************************************************************************************************************************************************************************************************************************************************************************************************************************************************************************************

1st stage: 374.436s
2nd stage: 72.4298s
3rd stage: 0.175083s
Total    : 447.04s
Tmp size : 4686MB
Tmp size strict memory : 0MB
Tmp total: 4686MB

Stats:
   No. of k-mers below min. threshold :    251215444
   No. of k-mers above max. threshold :            0
   No. of unique k-mers               :    836402271
   No. of unique counted k-mers       :    585186827
   Total no. of k-mers                :   4737935836
   Total no. of reads                 :     47568199
   Total no. of super-k-mers          :    446657815
