
Thu May 24 20:23:22 UTC 2018	Running bless with k=21

Thu May 24 22:08:00 UTC 2018	Number of unique solid k-mers (k=21): Ns = 70631914
Thu May 24 22:08:00 UTC 2018	Checking criterion: Ns / 4 ^ k < 0.0001 ..
Thu May 24 22:08:00 UTC 2018	70631914 / 4 ^ 21 = 1.60598378897703e-05 -> OK!
Thu May 24 22:08:00 UTC 2018	Will now search for the k-mer length at which the number of corrected bases is maximal
Thu May 24 22:08:00 UTC 2018	moving on to next k

Thu May 24 22:08:00 UTC 2018	Running bless with k=23

Thu May 24 23:48:30 UTC 2018	Checking number of corrected errors - k=21 vs. k=23
Thu May 24 23:48:30 UTC 2018	23 is the winner - 6207985 < 7603687
Thu May 24 23:48:30 UTC 2018	moving on to next k

Thu May 24 23:48:34 UTC 2018	Running bless with k=25

Fri May 25 01:12:24 UTC 2018	Checking number of corrected errors - k=23 vs. k=25
Fri May 25 01:12:24 UTC 2018	25 is the winner - 7603687 < 7802434
Fri May 25 01:12:24 UTC 2018	moving on to next k

Fri May 25 01:12:24 UTC 2018	Running bless with k=27

Fri May 25 02:19:18 UTC 2018	Checking number of corrected errors - k=25 vs. k=27
Fri May 25 02:19:18 UTC 2018	27 is the winner - 7802434 < 7807297
Fri May 25 02:19:18 UTC 2018	moving on to next k

Fri May 25 02:19:19 UTC 2018	Running bless with k=29

Fri May 25 03:13:34 UTC 2018	Checking number of corrected errors - k=27 vs. k=29
Fri May 25 03:13:34 UTC 2018	27 is the winner - 7807297 > 7511512
Fri May 25 03:13:34 UTC 2018	Done!

