
----------------------------------------------------------------------
           BLESS: Bloom-filter based error correction tool
----------------------------------------------------------------------
CONTACT : Yun Heo (yunheo1@illinois.edu)
VERSION: 1.02
DATE   : Jun. 10, 2015
----------------------------------------------------------------------

Parsing arguments
     Number of nodes              : 1
     Number of threads per node   : 8
     Max memory usage for KMC     : 4 GB
     Read file name               : all_reads-batch-00000001.fastq
     k-mer length                 : 21
     Target false positive prob.  : 0.001
     Random seed                  : 0
     k-mer occurence threshold    : Not specified
     Read extension amount        : 5
     Load given Bloom filter data : Off
     No trim reads                : On
     Gzip corrected reads         : Off
     Parsing arguments            : done

Checking input read files
     Number of reads           : 51459233
     Quality score offset      : 33
     Quality score threshold   : 34
     Low quality score threhold: 16
     Checking input read files : done

Counting the number of k-mers
     k-mer occurrence threshold   : 15
     Number of unique solid k-mers: 70631914
     Counting the number of k-mers: done

Determining Bloom filter parameters
     Bloom filter
     Number of keys           : 70631914
     Bit-vector size          : 132 MB
     Number of hash functions : 6
     Determining Bloom filter parameters: done

Programming k-mers to the Bloom filter
     Programming k-mers to the Bloom filter: done

Correcting errors in reads
     Number of corrected errors: 6207985
     Number of trimmed bases   : 0
     Number of corrected reads : 1369945
     Correcting errors in reads: done

Merging output files
     Merging output files: done

Running Time
     Checking reads
          Start: Thu May 24 20:23:34 2018
          End  : Thu May 24 20:32:28 2018
     Counting the number of unique solid k-mers
          Start: Thu May 24 20:32:28 2018
          End  : Thu May 24 21:15:20 2018
     Programming k-mers into the Bloom filter
          Start: Thu May 24 21:15:20 2018
          End  : Thu May 24 21:17:14 2018
     Correcting errors in reads
          Start: Thu May 24 21:17:14 2018
          End  : Thu May 24 22:07:58 2018
     Merging output files
          Start: Thu May 24 22:07:58 2018
          End  : Thu May 24 22:07:58 2018

BLESS is successfully completed

