
Fri May 25 15:19:42 UTC 2018	Running bless with k=21

Fri May 25 16:14:13 UTC 2018	Number of unique solid k-mers (k=21): Ns = 70584963
Fri May 25 16:14:13 UTC 2018	Checking criterion: Ns / 4 ^ k < 0.0001 ..
Fri May 25 16:14:13 UTC 2018	70584963 / 4 ^ 21 = 1.60491624683345e-05 -> OK!
Fri May 25 16:14:13 UTC 2018	Will now search for the k-mer length at which the number of corrected bases is maximal
Fri May 25 16:14:13 UTC 2018	moving on to next k

Fri May 25 16:14:13 UTC 2018	Running bless with k=23

Fri May 25 17:19:25 UTC 2018	Checking number of corrected errors - k=21 vs. k=23
Fri May 25 17:19:25 UTC 2018	23 is the winner - 5052573 < 6688582
Fri May 25 17:19:25 UTC 2018	moving on to next k

Fri May 25 17:19:25 UTC 2018	Running bless with k=25

Fri May 25 18:05:26 UTC 2018	Checking number of corrected errors - k=23 vs. k=25
Fri May 25 18:05:26 UTC 2018	25 is the winner - 6688582 < 7018899
Fri May 25 18:05:26 UTC 2018	moving on to next k

Fri May 25 18:05:26 UTC 2018	Running bless with k=27

Fri May 25 18:48:10 UTC 2018	Checking number of corrected errors - k=25 vs. k=27
Fri May 25 18:48:10 UTC 2018	27 is the winner - 7018899 < 7082035
Fri May 25 18:48:10 UTC 2018	moving on to next k

Fri May 25 18:48:10 UTC 2018	Running bless with k=29

Fri May 25 19:26:31 UTC 2018	Checking number of corrected errors - k=27 vs. k=29
Fri May 25 19:26:31 UTC 2018	27 is the winner - 7082035 > 6784478
Fri May 25 19:26:31 UTC 2018	Done!

