Platanus version: 1.2.4
platanus assemble -o G14_ec_ind -f reads.1.fastq reads.2.fastq reads.me.fastq -t 40 -m 700 

K = 32, saving kmers from reads...
AVE_READ_LEN=129.18

KMER_EXTENSION:
K=32, KMER_COVERAGE=57.9094 (>= 21), COVERAGE_CUTOFF=21
K=42, KMER_COVERAGE=52.0111, COVERAGE_CUTOFF=12, PROB_SPLIT=10e-10.1703
K=52, KMER_COVERAGE=46.1128, COVERAGE_CUTOFF=9, PROB_SPLIT=10e-10.1996
K=62, KMER_COVERAGE=40.2145, COVERAGE_CUTOFF=6, PROB_SPLIT=10e-10.4248
K=72, KMER_COVERAGE=34.3162, COVERAGE_CUTOFF=3, PROB_SPLIT=10e-11.0667
K=81, KMER_COVERAGE=29.0078, COVERAGE_CUTOFF=2, PROB_SPLIT=10e-10.1207
K=83, KMER_COVERAGE=27.8281, COVERAGE_CUTOFF=2, PROB_SPLIT=10e-10.1486
K=84, KMER_COVERAGE=27.2383, COVERAGE_CUTOFF=2, PROB_SPLIT=10e-10.0776
loading kmers...
connecting kmers...
removing branches...
BRANCH_DELETE_THRESHOLD=0.5
NUM_CUT=40238
NUM_CUT=190
NUM_CUT=1
NUM_CUT=0
TOTAL_NUM_CUT=40429
mapping reads on de Bruijn Graph nodes...
TOTAL_MAPPED_READS=39700924
TOTAL_UNMAPPED_READS=30889330
TOTAL_SHORT_READS(<32)=37153
NUM_DELETE_NODE(reads are unmapped)=137611
NUM_CUT_NODE=18864
extracting reads (containing kmer used in contig assemble)...
K = 42, loading kmers from contigs...
K = 42, saving additional kmers(not found in contigs) from reads...
COVERAGE_CUTOFF = 12
loading kmers...
connecting kmers...
removing branches...
BRANCH_DELETE_THRESHOLD=0.5
NUM_CUT=58996
NUM_CUT=347
NUM_CUT=4
NUM_CUT=0
TOTAL_NUM_CUT=59347
mapping reads on de Bruijn Graph nodes...
TOTAL_MAPPED_READS=40600233
TOTAL_UNMAPPED_READS=29965429
TOTAL_SHORT_READS(<42)=61745
NUM_DELETE_NODE(reads are unmapped)=86048
NUM_CUT_NODE=14242
extracting reads (containing kmer used in contig assemble)...
K = 52, loading kmers from contigs...
K = 52, saving additional kmers(not found in contigs) from reads...
COVERAGE_CUTOFF = 9
loading kmers...
connecting kmers...
removing branches...
BRANCH_DELETE_THRESHOLD=0.5
NUM_CUT=60839
NUM_CUT=408
NUM_CUT=2
NUM_CUT=0
TOTAL_NUM_CUT=61249
mapping reads on de Bruijn Graph nodes...
TOTAL_MAPPED_READS=40603881
TOTAL_UNMAPPED_READS=29939465
TOTAL_SHORT_READS(<52)=84061
NUM_DELETE_NODE(reads are unmapped)=82882
NUM_CUT_NODE=15250
extracting reads (containing kmer used in contig assemble)...
K = 62, loading kmers from contigs...
K = 62, saving additional kmers(not found in contigs) from reads...
COVERAGE_CUTOFF = 6
loading kmers...
connecting kmers...
removing branches...
BRANCH_DELETE_THRESHOLD=0.5
NUM_CUT=77230
NUM_CUT=592
NUM_CUT=7
NUM_CUT=0
TOTAL_NUM_CUT=77829
mapping reads on de Bruijn Graph nodes...
TOTAL_MAPPED_READS=40672866
TOTAL_UNMAPPED_READS=29850184
TOTAL_SHORT_READS(<62)=104357
NUM_DELETE_NODE(reads are unmapped)=91870
NUM_CUT_NODE=17115
extracting reads (containing kmer used in contig assemble)...
K = 72, loading kmers from contigs...
K = 72, saving additional kmers(not found in contigs) from reads...
COVERAGE_CUTOFF = 3
loading kmers...
connecting kmers...
removing branches...
BRANCH_DELETE_THRESHOLD=0.5
NUM_CUT=146998
NUM_CUT=1095
NUM_CUT=6
NUM_CUT=0
TOTAL_NUM_CUT=148099
mapping reads on de Bruijn Graph nodes...
TOTAL_MAPPED_READS=40883301
TOTAL_UNMAPPED_READS=29620000
TOTAL_SHORT_READS(<72)=124106
NUM_DELETE_NODE(reads are unmapped)=136084
NUM_CUT_NODE=22640
extracting reads (containing kmer used in contig assemble)...
K = 81, loading kmers from contigs...
K = 81, saving additional kmers(not found in contigs) from reads...
COVERAGE_CUTOFF = 2
loading kmers...
connecting kmers...
removing branches...
BRANCH_DELETE_THRESHOLD=0.5
NUM_CUT=200949
NUM_CUT=1985
NUM_CUT=14
NUM_CUT=0
TOTAL_NUM_CUT=202948
mapping reads on de Bruijn Graph nodes...
TOTAL_MAPPED_READS=40979380
TOTAL_UNMAPPED_READS=29504884
TOTAL_SHORT_READS(<81)=143143
NUM_DELETE_NODE(reads are unmapped)=132987
NUM_CUT_NODE=30206
extracting reads (containing kmer used in contig assemble)...
K = 83, loading kmers from contigs...
K = 83, saving additional kmers(not found in contigs) from reads...
COVERAGE_CUTOFF = 2
loading kmers...
connecting kmers...
removing branches...
BRANCH_DELETE_THRESHOLD=0.5
NUM_CUT=152368
NUM_CUT=940
NUM_CUT=2
NUM_CUT=0
TOTAL_NUM_CUT=153310
mapping reads on de Bruijn Graph nodes...
TOTAL_MAPPED_READS=40958447
TOTAL_UNMAPPED_READS=29520917
TOTAL_SHORT_READS(<83)=148043
NUM_DELETE_NODE(reads are unmapped)=65772
NUM_CUT_NODE=28667
extracting reads (containing kmer used in contig assemble)...
K = 84, loading kmers from contigs...
K = 84, saving additional kmers(not found in contigs) from reads...
COVERAGE_CUTOFF = 2
loading kmers...
connecting kmers...
removing branches...
BRANCH_DELETE_THRESHOLD=0.5
NUM_CUT=135261
NUM_CUT=624
NUM_CUT=0
TOTAL_NUM_CUT=135885
LENGTH_CUTOFF = 168
COVERAGE_CUTOFF = 2
removing erroneous nodes...
NUM_REMOVED_NODES=0
TOTAL_NUM_REMOVED_NODES=0
AVE_KMER_COV_REMOVING_BUBBLE=27.1595
removing bubbles...
BUBBLE_IDENTITY_THRESHOLD=0.1
NUM_REMOVED_BUBBLES=12832
NUM_REMOVED_BUBBLES=59
NUM_REMOVED_BUBBLES=0
TOTAL_NUM_REMOVED_BUBBLES=12891
mapping reads on de Bruijn Graph nodes...
TOTAL_MAPPED_READS=40565656
TOTAL_UNMAPPED_READS=29911365
TOTAL_SHORT_READS(<84)=150386
NUM_DELETE_NODE(reads are unmapped)=55192
NUM_CUT_NODE=27119
assemble completed!

#### PROCESS INFORMATION ####
VmPeak:         515.009 GByte
VmHWM:           35.415 GByte
