Platanus version: 1.2.4
platanus scaffold -o G14_ec_ind -c G14_ec_ind_contig.fa -b G14_ec_ind_contigBubble.fa -IP1 ./reads.1.fastq ./reads.2.fastq -t 40 

K=32, making hash table...
K=32, making hash table...
CONTIG_AVERAGE_COVERAGE = 59.0241
mapping bubbles on contigs...
[LIBRARY 1]
mapping reads...
TOTAL_PAIR = 33092303
MAPPED_PAIR = 15904990 (0.480625)
MAPPED_IN_DIFFERENT_CONTIGS = 2376590 (0.071817)
MAPPED_IN_SAME_CONTIG = 13528400 (0.408808)
AVERAGE_COVERAGE = 28.3565
estimating insert-size...
PEAK = 337
LOWER_LIMIT (permissible range to estimate AVE_INS)= 84
UPPER_LIMIT (permissible range to estimate AVE_INS)= 590
AVE_INS = 364
SD_INS = 74
[LIBRARY 1]
AVE_INS = 364, SD_INS = 74
saving overlaps... (LEN_CUTOFF=148)
destructing mapper objects...
[LIBRARY 1]
AVE_INS = 364, SD_INS = 74
linking scaffolds (MIN_LINK = 3)
sorting links in contigID order...
estimating contig distances...
constructing scaffold graph
NUM_REMOVED_OVERLAP_CONTIGS=139 (CONTAINED_HETERO)
TOLERENCE_LEVEL_OF_CONTIG_OVERLAP = 148
linking scaffolds (MIN_LINK = 3)
sorting links in contigID order...
estimating contig distances...
constructing scaffold graph
NUM_REMOVED_BUBBLES=29 (COVERAGE_THRESHOLD)
removing bubbles... (MAX_BUBBLE_IDENTITY = 0.1)
NUM_REMOVED_BUBBLES=5
NUM_REMOVED_BUBBLES=0
TOTAL_NUM_REMOVED_BUBBLES=5
removing erroneous edges...
NUM_SPLIT_LINK (not enough mapped pairs)=1219
NUM_SPLIT_LINK (not enough mapped pairs)=1
NUM_SPLIT_LINK (not enough mapped pairs)=0
TOTAL_SPLIT_LINK (not enough mapped pairs)=1220
scaffolding...
linking scaffolds (MIN_LINK = 3)
sorting links in contigID order...
estimating contig distances...
constructing scaffold graph
NUM_REMOVED_BUBBLES=0 (COVERAGE_THRESHOLD)
removing bubbles... (MAX_BUBBLE_IDENTITY = 0.1)
NUM_REMOVED_BUBBLES=0
TOTAL_NUM_REMOVED_BUBBLES=0
NUM_SPLIT_LINK (not originate from heterozygosity)=94 (COVERAGE_THRESHOLD)
scaffolding...
linking scaffolds (MIN_LINK = 3)
sorting links in contigID order...
estimating contig distances...
constructing scaffold graph
NUM_REMOVED_OVERLAP_CONTIGS=34 (CONTAINED_HETERO)
TOLERENCE_LEVEL_OF_CONTIG_OVERLAP = 222
linking scaffolds (MIN_LINK = 3)
sorting links in contigID order...
estimating contig distances...
constructing scaffold graph
NUM_REMOVED_BUBBLES=0 (COVERAGE_THRESHOLD)
removing bubbles... (MAX_BUBBLE_IDENTITY = 0.1)
NUM_REMOVED_BUBBLES=0
TOTAL_NUM_REMOVED_BUBBLES=0
removing erroneous edges...
NUM_SPLIT_LINK (not enough mapped pairs)=135
NUM_SPLIT_LINK (not enough mapped pairs)=0
TOTAL_SPLIT_LINK (not enough mapped pairs)=135
scaffolding...
linking scaffolds (MIN_LINK = 3)
sorting links in contigID order...
estimating contig distances...
constructing scaffold graph
NUM_REMOVED_BUBBLES=0 (COVERAGE_THRESHOLD)
removing bubbles... (MAX_BUBBLE_IDENTITY = 0.1)
NUM_REMOVED_BUBBLES=0
TOTAL_NUM_REMOVED_BUBBLES=0
NUM_SPLIT_LINK (not originate from heterozygosity)=0 (COVERAGE_THRESHOLD)
scaffolding...
[LIBRARY 1]
AVE_INS = 364, SD_INS = 74
linking scaffolds (MIN_LINK = 3)
sorting links in contigID order...
estimating contig distances...
constructing scaffold graph
NUM_REMOVED_OVERLAP_CONTIGS=10 (CONTAINED_HETERO)
TOLERENCE_LEVEL_OF_CONTIG_OVERLAP = 148
linking scaffolds (MIN_LINK = 3)
sorting links in contigID order...
estimating contig distances...
constructing scaffold graph
NUM_REMOVED_BUBBLES=0 (COVERAGE_THRESHOLD)
removing bubbles... (MAX_BUBBLE_IDENTITY = 0.1)
NUM_REMOVED_BUBBLES=0
TOTAL_NUM_REMOVED_BUBBLES=0
removing erroneous edges...
NUM_SPLIT_LINK (not enough mapped pairs)=204
NUM_SPLIT_LINK (not enough mapped pairs)=1
NUM_SPLIT_LINK (not enough mapped pairs)=0
TOTAL_SPLIT_LINK (not enough mapped pairs)=205
deleting edges from repeat contigs...
scaffolding...
linking scaffolds (MIN_LINK = 3)
sorting links in contigID order...
estimating contig distances...
constructing scaffold graph
NUM_REMOVED_BUBBLES=0 (COVERAGE_THRESHOLD)
removing bubbles... (MAX_BUBBLE_IDENTITY = 0.1)
NUM_REMOVED_BUBBLES=0
TOTAL_NUM_REMOVED_BUBBLES=0
NUM_SPLIT_LINK (not originate from heterozygosity)=0 (COVERAGE_THRESHOLD)
scaffolding...
linking scaffolds (MIN_LINK = 3)
sorting links in contigID order...
estimating contig distances...
constructing scaffold graph
NUM_REMOVED_OVERLAP_CONTIGS=0 (CONTAINED_HETERO)
TOLERENCE_LEVEL_OF_CONTIG_OVERLAP = 222
linking scaffolds (MIN_LINK = 3)
sorting links in contigID order...
estimating contig distances...
constructing scaffold graph
NUM_REMOVED_BUBBLES=0 (COVERAGE_THRESHOLD)
removing bubbles... (MAX_BUBBLE_IDENTITY = 0.1)
NUM_REMOVED_BUBBLES=0
TOTAL_NUM_REMOVED_BUBBLES=0
removing erroneous edges...
NUM_SPLIT_LINK (not enough mapped pairs)=121
NUM_SPLIT_LINK (not enough mapped pairs)=0
TOTAL_SPLIT_LINK (not enough mapped pairs)=121
deleting edges from repeat contigs...
scaffolding...
linking scaffolds (MIN_LINK = 3)
sorting links in contigID order...
estimating contig distances...
constructing scaffold graph
NUM_REMOVED_BUBBLES=0 (COVERAGE_THRESHOLD)
removing bubbles... (MAX_BUBBLE_IDENTITY = 0.1)
NUM_REMOVED_BUBBLES=0
TOTAL_NUM_REMOVED_BUBBLES=0
NUM_SPLIT_LINK (not originate from heterozygosity)=0 (COVERAGE_THRESHOLD)
scaffolding...
Library1 PHYSICAL_COVERAGE=40
SUM_SHORT_LIBRARY_PHYSICAL_COVERAGE=40
SUM_LONG_LIBRARY_PHYSICAL_COVERAGE=0
writing scaffold files...
scaffold completed!

#### PROCESS INFORMATION ####
VmPeak:           8.697 GByte
VmHWM:            5.944 GByte
