*******************************************

********** Used parameters: **********
No. of input files           : 1
Output file name             : G1-k21.kmc.00000
No. of working directories   : 1
Input format                 : FASTQ

k-mer length                 : 21
Max. k-mer length            : 256
Signature length             : 7
Min. count threshold         : 2
Max. count threshold         : 1000000000
Max. counter value           : 255
Type of counters             : direct
Both strands                 : true
RAM olny mode                : false

******* Stage 1 configuration: *******

No. of bins                  : 512
Bin part size                : 65536
Input buffer size            : 6291456

No. of readers               : 1
No. of splitters             : 7

Max. mem. size               :  4000MB
Max. mem. per storer         :  2123MB
Max. mem. for single package :    33MB

Max. mem. for PMM (bin parts):  3266MB
Max. mem. for PMM (FASTQ)    :   661MB
Max. mem. for PMM (reads)    :     1MB

**********************************************************************************************************************************************************************************************************************************************************************************************************************************************************************************************************************************************************************************************************************************************************************************************************************************************************************************************************************************************************************************************************************************************************************************************************************************************************************************************************************************************************************************************************************************************************************************************************************************************************************************************************************************************************************************************************************************************************************************************************************************************************************************************************************************************************************************************************************************************************************************************************************

******* Stage 2 configuration: *******
No. of sorters               : 8
No. of sort. threads         : 1, 1, 1, 1, 1, 1, 1, 1

Max. mem. for 2nd stage      :  3995MB

********************************************************************************************************************************************************************************************************************************************************************************************************************************************************************************************************************************************************************************************************************************

1st stage: 155.693s
2nd stage: 45.7204s
3rd stage: 0.156683s
Total    : 201.57s
Tmp size : 4090MB
Tmp size strict memory : 0MB
Tmp total: 4090MB

Stats:
   No. of k-mers below min. threshold :    287205114
   No. of k-mers above max. threshold :            0
   No. of unique k-mers               :    650813550
   No. of unique counted k-mers       :    363608436
   Total no. of k-mers                :   3815884218
   Total no. of reads                 :     36108964
   Total no. of super-k-mers          :    490947270
