Platanus version: 1.2.4
platanus assemble -o G14-ec-G4-filtered-k31-kgt15-pgt0.9 -f reads.1.fastq reads.2.fastq reads.me.fastq -t 40 -m 700 

K = 32, saving kmers from reads...
AVE_READ_LEN=128.621

KMER_EXTENSION:
K=32, KMER_COVERAGE=55.2539 (>= 11), COVERAGE_CUTOFF=11
K=42, KMER_COVERAGE=49.5938, COVERAGE_CUTOFF=11, PROB_SPLIT=10e-10.0072
K=52, KMER_COVERAGE=43.9337, COVERAGE_CUTOFF=8, PROB_SPLIT=10e-10.1683
K=62, KMER_COVERAGE=38.2737, COVERAGE_CUTOFF=5, PROB_SPLIT=10e-10.5827
K=72, KMER_COVERAGE=32.6136, COVERAGE_CUTOFF=3, PROB_SPLIT=10e-10.3701
K=79, KMER_COVERAGE=28.6516, COVERAGE_CUTOFF=2, PROB_SPLIT=10e-10.0681
K=81, KMER_COVERAGE=27.5195, COVERAGE_CUTOFF=2, PROB_SPLIT=10e-10.0193
loading kmers...
connecting kmers...
removing branches...
BRANCH_DELETE_THRESHOLD=0.5
NUM_CUT=10107
NUM_CUT=36
NUM_CUT=0
TOTAL_NUM_CUT=10143
mapping reads on de Bruijn Graph nodes...
TOTAL_MAPPED_READS=40238646
TOTAL_UNMAPPED_READS=747353
TOTAL_SHORT_READS(<32)=33663
NUM_DELETE_NODE(reads are unmapped)=13723
NUM_CUT_NODE=2628
extracting reads (containing kmer used in contig assemble)...
K = 42, loading kmers from contigs...
K = 42, saving additional kmers(not found in contigs) from reads...
COVERAGE_CUTOFF = 11
loading kmers...
connecting kmers...
removing branches...
BRANCH_DELETE_THRESHOLD=0.5
NUM_CUT=11838
NUM_CUT=25
NUM_CUT=0
TOTAL_NUM_CUT=11863
mapping reads on de Bruijn Graph nodes...
TOTAL_MAPPED_READS=40011465
TOTAL_UNMAPPED_READS=953140
TOTAL_SHORT_READS(<42)=55057
NUM_DELETE_NODE(reads are unmapped)=12955
NUM_CUT_NODE=3960
extracting reads (containing kmer used in contig assemble)...
K = 52, loading kmers from contigs...
K = 52, saving additional kmers(not found in contigs) from reads...
COVERAGE_CUTOFF = 8
loading kmers...
connecting kmers...
removing branches...
BRANCH_DELETE_THRESHOLD=0.5
NUM_CUT=18197
NUM_CUT=52
NUM_CUT=0
TOTAL_NUM_CUT=18249
mapping reads on de Bruijn Graph nodes...
TOTAL_MAPPED_READS=39973825
TOTAL_UNMAPPED_READS=972107
TOTAL_SHORT_READS(<52)=73730
NUM_DELETE_NODE(reads are unmapped)=20242
NUM_CUT_NODE=4610
extracting reads (containing kmer used in contig assemble)...
K = 62, loading kmers from contigs...
K = 62, saving additional kmers(not found in contigs) from reads...
COVERAGE_CUTOFF = 5
loading kmers...
connecting kmers...
removing branches...
BRANCH_DELETE_THRESHOLD=0.5
NUM_CUT=30218
NUM_CUT=110
NUM_CUT=0
TOTAL_NUM_CUT=30328
mapping reads on de Bruijn Graph nodes...
TOTAL_MAPPED_READS=40006664
TOTAL_UNMAPPED_READS=923762
TOTAL_SHORT_READS(<62)=89236
NUM_DELETE_NODE(reads are unmapped)=25743
NUM_CUT_NODE=5789
extracting reads (containing kmer used in contig assemble)...
K = 72, loading kmers from contigs...
K = 72, saving additional kmers(not found in contigs) from reads...
COVERAGE_CUTOFF = 3
loading kmers...
connecting kmers...
removing branches...
BRANCH_DELETE_THRESHOLD=0.5
NUM_CUT=51195
NUM_CUT=270
NUM_CUT=4
NUM_CUT=0
TOTAL_NUM_CUT=51469
mapping reads on de Bruijn Graph nodes...
TOTAL_MAPPED_READS=40044374
TOTAL_UNMAPPED_READS=873439
TOTAL_SHORT_READS(<72)=101849
NUM_DELETE_NODE(reads are unmapped)=33449
NUM_CUT_NODE=7740
extracting reads (containing kmer used in contig assemble)...
K = 79, loading kmers from contigs...
K = 79, saving additional kmers(not found in contigs) from reads...
COVERAGE_CUTOFF = 2
loading kmers...
connecting kmers...
removing branches...
BRANCH_DELETE_THRESHOLD=0.5
NUM_CUT=77576
NUM_CUT=555
NUM_CUT=2
NUM_CUT=0
TOTAL_NUM_CUT=78133
mapping reads on de Bruijn Graph nodes...
TOTAL_MAPPED_READS=40078825
TOTAL_UNMAPPED_READS=832153
TOTAL_SHORT_READS(<79)=108684
NUM_DELETE_NODE(reads are unmapped)=34733
NUM_CUT_NODE=10181
extracting reads (containing kmer used in contig assemble)...
K = 81, loading kmers from contigs...
K = 81, saving additional kmers(not found in contigs) from reads...
COVERAGE_CUTOFF = 2
loading kmers...
connecting kmers...
removing branches...
BRANCH_DELETE_THRESHOLD=0.5
NUM_CUT=64101
NUM_CUT=317
NUM_CUT=1
NUM_CUT=0
TOTAL_NUM_CUT=64419
LENGTH_CUTOFF = 162
COVERAGE_CUTOFF = 3
removing erroneous nodes...
NUM_REMOVED_NODES=44090
NUM_REMOVED_NODES=3648
NUM_REMOVED_NODES=12
NUM_REMOVED_NODES=0
TOTAL_NUM_REMOVED_NODES=47750
AVE_KMER_COV_REMOVING_BUBBLE=27.4357
removing bubbles...
BUBBLE_IDENTITY_THRESHOLD=0.1
NUM_REMOVED_BUBBLES=4998
NUM_REMOVED_BUBBLES=24
NUM_REMOVED_BUBBLES=0
TOTAL_NUM_REMOVED_BUBBLES=5022
mapping reads on de Bruijn Graph nodes...
TOTAL_MAPPED_READS=39869189
TOTAL_UNMAPPED_READS=1040008
TOTAL_SHORT_READS(<81)=110465
NUM_DELETE_NODE(reads are unmapped)=5036
NUM_CUT_NODE=10775
assemble completed!

#### PROCESS INFORMATION ####
VmPeak:         514.978 GByte
VmHWM:           35.382 GByte
