perl: warning: Setting locale failed.
perl: warning: Please check that your locale settings:
	LANGUAGE = (unset),
	LC_ALL = (unset),
	LC_PAPER = "en_US.UTF-8",
	LC_ADDRESS = "en_US.UTF-8",
	LC_MONETARY = "en_US.UTF-8",
	LC_NUMERIC = "en_US.UTF-8",
	LC_TELEPHONE = "en_US.UTF-8",
	LC_IDENTIFICATION = "en_US.UTF-8",
	LC_MEASUREMENT = "en_US.UTF-8",
	LC_TIME = "en_US.UTF-8",
	LC_NAME = "en_US.UTF-8",
	LANG = "en_US.UTF-8"
    are supported and installed on your system.
perl: warning: Falling back to the standard locale ("C").
During startup - Warning messages:
1: Setting LC_CTYPE failed, using "C" 
2: Setting LC_COLLATE failed, using "C" 
3: Setting LC_TIME failed, using "C" 
4: Setting LC_MESSAGES failed, using "C" 
5: Setting LC_MONETARY failed, using "C" 
6: Setting LC_PAPER failed, using "C" 
7: Setting LC_MEASUREMENT failed, using "C" 
Warning message:
In if ((which(data$count == max(data$count[i:maxsearch])) - i) >=  :
  the condition has length > 1 and only the first element will be used
