*******************************************

********** Used parameters: **********
No. of input files           : 1
Output file name             : batch-00000004-k25.kmc.00000
No. of working directories   : 1
Input format                 : FASTQ

k-mer length                 : 25
Max. k-mer length            : 256
Signature length             : 7
Min. count threshold         : 2
Max. count threshold         : 1000000000
Max. counter value           : 255
Type of counters             : direct
Both strands                 : true
RAM olny mode                : false

******* Stage 1 configuration: *******

No. of bins                  : 512
Bin part size                : 65536
Input buffer size            : 6291456

No. of readers               : 1
No. of splitters             : 7

Max. mem. size               :  4000MB
Max. mem. per storer         :  2123MB
Max. mem. for single package :    33MB

Max. mem. for PMM (bin parts):  3266MB
Max. mem. for PMM (FASTQ)    :   661MB
Max. mem. for PMM (reads)    :     1MB

**************************************************************************************************************************************************************************************************************************************************************************************************************************************************************************************************************************************************************************************************************************************************************************************************************************************************************************************************************************************************************************************************************************************************************************************************************************************************************************************************************************************************************************************************************************************************************************************************************************************************************************************************************************************************************************************************************************************************************************************************************************************************************************************************************************************************************************************************************************************************************************************************************************************************************************************************************************************************************************************************************************************************************************************************************************************************************************************************************************************************************************************************************************************************************************************************************************************************************************************************************************************************

******* Stage 2 configuration: *******
No. of sorters               : 8
No. of sort. threads         : 1, 1, 1, 1, 1, 1, 1, 1

Max. mem. for 2nd stage      :  3995MB

********************************************************************************************************************************************************************************************************************************************************************************************************************************************************************************************************************************************************************************************************************************

1st stage: 27.0087s
2nd stage: 68.1066s
3rd stage: 0.161324s
Total    : 95.2766s
Tmp size : 5193MB
Tmp size strict memory : 0MB
Tmp total: 5193MB

Stats:
   No. of k-mers below min. threshold :    231036480
   No. of k-mers above max. threshold :            0
   No. of unique k-mers               :    873506428
   No. of unique counted k-mers       :    642469948
   Total no. of k-mers                :   5138763676
   Total no. of reads                 :     50584834
   Total no. of super-k-mers          :    529508322
