
----------------------------------------------------------------------
           BLESS: Bloom-filter based error correction tool
----------------------------------------------------------------------
CONTACT : Yun Heo (yunheo1@illinois.edu)
VERSION: 1.02
DATE   : Jun. 10, 2015
----------------------------------------------------------------------

Parsing arguments
     Number of nodes              : 1
     Number of threads per node   : 8
     Max memory usage for KMC     : 4 GB
     Read file name               : all_reads.fastq
     k-mer length                 : 37
     Target false positive prob.  : 0.001
     Random seed                  : 0
     k-mer occurence threshold    : Not specified
     Read extension amount        : 5
     Load given Bloom filter data : Off
     No trim reads                : On
     Gzip corrected reads         : Off
     Parsing arguments            : done

Checking input read files
     Number of reads           : 168066164
     Quality score offset      : 33
     Quality score threshold   : 34
     Low quality score threhold: 16
     Checking input read files : done

Counting the number of k-mers
     k-mer occurrence threshold   : 6
     Number of unique solid k-mers: 695228666
     Counting the number of k-mers: done

Determining Bloom filter parameters
     Bloom filter
     Number of keys           : 695228666
     Bit-vector size          : 1308 MB
     Number of hash functions : 6
     Determining Bloom filter parameters: done

Programming k-mers to the Bloom filter
     Programming k-mers to the Bloom filter: done

Correcting errors in reads
     Number of corrected errors: 43873385
     Number of trimmed bases   : 0
     Number of corrected reads : 20169824
     Correcting errors in reads: done

Merging output files
     Merging output files: done

Running Time
     Checking reads
          Start: Thu May 24 11:20:44 2018
          End  : Thu May 24 11:56:52 2018
     Counting the number of unique solid k-mers
          Start: Thu May 24 11:56:52 2018
          End  : Thu May 24 13:05:51 2018
     Programming k-mers into the Bloom filter
          Start: Thu May 24 13:05:51 2018
          End  : Thu May 24 13:12:45 2018
     Correcting errors in reads
          Start: Thu May 24 13:12:45 2018
          End  : Thu May 24 15:04:00 2018
     Merging output files
          Start: Thu May 24 15:04:00 2018
          End  : Thu May 24 15:04:00 2018

BLESS is successfully completed

