*******************************************

********** Used parameters: **********
No. of input files           : 1
Output file name             : batch-00000006-k25.kmc.00000
No. of working directories   : 1
Input format                 : FASTQ

k-mer length                 : 25
Max. k-mer length            : 256
Signature length             : 7
Min. count threshold         : 2
Max. count threshold         : 1000000000
Max. counter value           : 255
Type of counters             : direct
Both strands                 : true
RAM olny mode                : false

******* Stage 1 configuration: *******

No. of bins                  : 512
Bin part size                : 65536
Input buffer size            : 6291456

No. of readers               : 1
No. of splitters             : 7

Max. mem. size               :  4000MB
Max. mem. per storer         :  2123MB
Max. mem. for single package :    33MB

Max. mem. for PMM (bin parts):  3266MB
Max. mem. for PMM (FASTQ)    :   661MB
Max. mem. for PMM (reads)    :     1MB

***********************************************************************************************************************************************************************************************************************************************************************************************************************************************************************************************************************************************************************************************************************************************************************************************************************************************************************************************************************************************************************************************************************************************************************************************************************************************************************************************************************************************************************************************************************************************************************************************************************************************************************************************************************************************************************************************************************************************************************************************************************************************************************************************************************************************************************************************************************************************************************************************************************************************************************************************************************************************************************************************************************************************************************************************************************************************************

******* Stage 2 configuration: *******
No. of sorters               : 8
No. of sort. threads         : 1, 1, 1, 1, 1, 1, 1, 1

Max. mem. for 2nd stage      :  3995MB

********************************************************************************************************************************************************************************************************************************************************************************************************************************************************************************************************************************************************************************************************************************

1st stage: 19.2915s
2nd stage: 31.2495s
3rd stage: 0.167765s
Total    : 50.7088s
Tmp size : 4398MB
Tmp size strict memory : 0MB
Tmp total: 4398MB

Stats:
   No. of k-mers below min. threshold :    231473596
   No. of k-mers above max. threshold :            0
   No. of unique k-mers               :    803987766
   No. of unique counted k-mers       :    572514170
   Total no. of k-mers                :   4351265241
   Total no. of reads                 :     42831602
   Total no. of super-k-mers          :    448492103
