
Wed May 23 20:20:08 UTC 2018	Running bless with k=21

Wed May 23 23:24:47 UTC 2018	Number of unique solid k-mers (k=21): Ns = 731742645
Wed May 23 23:24:47 UTC 2018	Checking criterion: Ns / 4 ^ k < 0.0001 ..
Wed May 23 23:24:47 UTC 2018	731742645 / 4 ^ 21 = 0.000166379014672202 -> NOT OK!
removed 'G1234-k21.bf.data'
removed 'G1234-k21.bf.size'
removed 'G1234-k21.corrected.fastq'
removed 'G1234-k21.histo.k-mer'
removed 'G1234-k21.histo.qs'
removed 'G1234-k21.kmc.00000.log'
Wed May 23 23:24:49 UTC 2018	moving on to next k

Wed May 23 23:24:49 UTC 2018	Running bless with k=23

Thu May 24 02:53:24 UTC 2018	Number of unique solid k-mers (k=23): Ns = 743597650
Thu May 24 02:53:24 UTC 2018	Checking criterion: Ns / 4 ^ k < 0.0001 ..
Thu May 24 02:53:24 UTC 2018	743597650 / 4 ^ 23 = 1.05671581707156e-05 -> OK!
Thu May 24 02:53:24 UTC 2018	Will now search for the k-mer length at which the number of corrected bases is maximal
Thu May 24 02:53:24 UTC 2018	moving on to next k

Thu May 24 02:53:24 UTC 2018	Running bless with k=25

Thu May 24 04:14:08 UTC 2018	Checking number of corrected errors - k=23 vs. k=25
Thu May 24 04:14:08 UTC 2018	25 is the winner - 40898398 < 41229024
Thu May 24 04:14:08 UTC 2018	moving on to next k

Thu May 24 04:14:08 UTC 2018	Running bless with k=27

Thu May 24 05:33:39 UTC 2018	Checking number of corrected errors - k=25 vs. k=27
Thu May 24 05:33:39 UTC 2018	27 is the winner - 41229024 < 41705638
Thu May 24 05:33:39 UTC 2018	moving on to next k

Thu May 24 05:33:39 UTC 2018	Running bless with k=29

Thu May 24 06:54:58 UTC 2018	Checking number of corrected errors - k=27 vs. k=29
Thu May 24 06:54:58 UTC 2018	29 is the winner - 41705638 < 42222094
Thu May 24 06:54:58 UTC 2018	moving on to next k

Thu May 24 06:54:58 UTC 2018	Running bless with k=31

Thu May 24 08:15:21 UTC 2018	Checking number of corrected errors - k=29 vs. k=31
Thu May 24 08:15:21 UTC 2018	31 is the winner - 42222094 < 42629782
Thu May 24 08:15:21 UTC 2018	moving on to next k

Thu May 24 08:15:21 UTC 2018	Running bless with k=33

Thu May 24 09:35:40 UTC 2018	Checking number of corrected errors - k=31 vs. k=33
Thu May 24 09:35:40 UTC 2018	33 is the winner - 42629782 < 42940608
Thu May 24 09:35:40 UTC 2018	moving on to next k

Thu May 24 09:35:40 UTC 2018	Running bless with k=35

Thu May 24 11:20:44 UTC 2018	Checking number of corrected errors - k=33 vs. k=35
Thu May 24 11:20:44 UTC 2018	35 is the winner - 42940608 < 44307327
Thu May 24 11:20:44 UTC 2018	moving on to next k

Thu May 24 11:20:44 UTC 2018	Running bless with k=37

Thu May 24 15:04:00 UTC 2018	Checking number of corrected errors - k=35 vs. k=37
Thu May 24 15:04:00 UTC 2018	35 is the winner - 44307327 > 43873385
Thu May 24 15:04:00 UTC 2018	Done!

