*******************************************

********** Used parameters: **********
No. of input files           : 1
Output file name             : G2-k35.kmc.00000
No. of working directories   : 1
Input format                 : FASTQ

k-mer length                 : 35
Max. k-mer length            : 256
Signature length             : 7
Min. count threshold         : 2
Max. count threshold         : 1000000000
Max. counter value           : 255
Type of counters             : direct
Both strands                 : true
RAM olny mode                : false

******* Stage 1 configuration: *******

No. of bins                  : 512
Bin part size                : 65536
Input buffer size            : 6291456

No. of readers               : 1
No. of splitters             : 7

Max. mem. size               :  4000MB
Max. mem. per storer         :  2120MB
Max. mem. for single package :    33MB

Max. mem. for PMM (bin parts):  3262MB
Max. mem. for PMM (FASTQ)    :   661MB
Max. mem. for PMM (reads)    :     1MB

*****************************************************************************************************************************************************************************************************************************************************************************************************************************************************************************************************************************************************************************************************************************************************************************************************************************************************************************************************************************************************************************************************************************************************************************************************************************************************************************************************************************************************************************************************************************************************************************************************************************************************************************************************************************************************************************************************************************************************************************************************************************************************************************************************************************************************************************************************************************************************************************************************************************************************************************************************************************************************************************************************************************************************************************************************************************************************************************************************************************************************************************************************************************************************************************************************************************************************************************************************************************************************************************************

******* Stage 2 configuration: *******
No. of sorters               : 8
No. of sort. threads         : 1, 1, 1, 1, 1, 1, 1, 1

Max. mem. for 2nd stage      :  3991MB

********************************************************************************************************************************************************************************************************************************************************************************************************************************************************************************************************************************************************************************************************************************

1st stage: 260.043s
2nd stage: 230.911s
3rd stage: 0.279677s
Total    : 491.234s
Tmp size : 4502MB
Tmp size strict memory : 0MB
Tmp total: 4502MB

Stats:
   No. of k-mers below min. threshold :    228031982
   No. of k-mers above max. threshold :            0
   No. of unique k-mers               :    974732304
   No. of unique counted k-mers       :    746700322
   Total no. of k-mers                :   4707786730
   Total no. of reads                 :     51372367
   Total no. of super-k-mers          :    337749903
