
----------------------------------------------------------------------
           BLESS: Bloom-filter based error correction tool
----------------------------------------------------------------------
CONTACT : Yun Heo (yunheo1@illinois.edu)
VERSION: 1.02
DATE   : Jun. 10, 2015
----------------------------------------------------------------------

Parsing arguments
     Number of nodes              : 1
     Number of threads per node   : 8
     Max memory usage for KMC     : 4 GB
     Read file name               : all_reads.fastq
     k-mer length                 : 35
     Target false positive prob.  : 0.001
     Random seed                  : 0
     k-mer occurence threshold    : Not specified
     Read extension amount        : 5
     Load given Bloom filter data : Off
     No trim reads                : On
     Gzip corrected reads         : Off
     Parsing arguments            : done

Checking input read files
     Number of reads           : 51372367
     Quality score offset      : 33
     Quality score threshold   : 34
     Low quality score threhold: 16
     Checking input read files : done

Counting the number of k-mers
     k-mer occurrence threshold   : 93
     Number of unique solid k-mers: 1132061
     Counting the number of k-mers: done

Determining Bloom filter parameters
     Bloom filter
     Number of keys           : 1132061
     Bit-vector size          : 2 MB
     Number of hash functions : 6
     Determining Bloom filter parameters: done

Programming k-mers to the Bloom filter
     Programming k-mers to the Bloom filter: done

Correcting errors in reads
     Number of corrected errors: 11717380
     Number of trimmed bases   : 0
     Number of corrected reads : 3051628
     Correcting errors in reads: done

Merging output files
     Merging output files: done

Running Time
     Checking reads
          Start: Wed May 23 23:18:19 2018
          End  : Wed May 23 23:22:29 2018
     Counting the number of unique solid k-mers
          Start: Wed May 23 23:22:29 2018
          End  : Wed May 23 23:32:40 2018
     Programming k-mers into the Bloom filter
          Start: Wed May 23 23:32:40 2018
          End  : Wed May 23 23:32:56 2018
     Correcting errors in reads
          Start: Wed May 23 23:32:56 2018
          End  : Thu May 24 00:09:54 2018
     Merging output files
          Start: Thu May 24 00:09:54 2018
          End  : Thu May 24 00:09:54 2018

BLESS is successfully completed

