
----------------------------------------------------------------------
           BLESS: Bloom-filter based error correction tool
----------------------------------------------------------------------
CONTACT : Yun Heo (yunheo1@illinois.edu)
VERSION: 1.02
DATE   : Jun. 10, 2015
----------------------------------------------------------------------

Parsing arguments
     Number of nodes              : 1
     Number of threads per node   : 8
     Max memory usage for KMC     : 4 GB
     Read file name               : all_reads.fastq
     k-mer length                 : 31
     Target false positive prob.  : 0.001
     Random seed                  : 0
     k-mer occurence threshold    : Not specified
     Read extension amount        : 5
     Load given Bloom filter data : Off
     No trim reads                : On
     Gzip corrected reads         : Off
     Parsing arguments            : done

Checking input read files
     Number of reads           : 51372367
     Quality score offset      : 33
     Quality score threshold   : 34
     Low quality score threhold: 16
     Checking input read files : done

Counting the number of k-mers
     k-mer occurrence threshold   : 2
     Number of unique solid k-mers: 744909772
     Counting the number of k-mers: done

Determining Bloom filter parameters
     Bloom filter
     Number of keys           : 744909772
     Bit-vector size          : 1401 MB
     Number of hash functions : 6
     Determining Bloom filter parameters: done

Programming k-mers to the Bloom filter
     Programming k-mers to the Bloom filter: done

Correcting errors in reads
     Number of corrected errors: 7934097
     Number of trimmed bases   : 0
     Number of corrected reads : 4263069
     Correcting errors in reads: done

Merging output files
     Merging output files: done

Running Time
     Checking reads
          Start: Wed May 23 21:26:50 2018
          End  : Wed May 23 21:29:15 2018
     Counting the number of unique solid k-mers
          Start: Wed May 23 21:29:15 2018
          End  : Wed May 23 21:36:05 2018
     Programming k-mers into the Bloom filter
          Start: Wed May 23 21:36:05 2018
          End  : Wed May 23 21:41:43 2018
     Correcting errors in reads
          Start: Wed May 23 21:41:43 2018
          End  : Wed May 23 22:15:08 2018
     Merging output files
          Start: Wed May 23 22:15:08 2018
          End  : Wed May 23 22:15:08 2018

BLESS is successfully completed

