
Wed May 23 17:48:55 UTC 2018	Running bless with k=21

Wed May 23 19:03:02 UTC 2018	Number of unique solid k-mers (k=21): Ns = 713435631
Wed May 23 19:03:02 UTC 2018	Checking criterion: Ns / 4 ^ k < 0.0001 ..
Wed May 23 19:03:02 UTC 2018	713435631 / 4 ^ 21 = 0.000162216481612631 -> NOT OK!
removed 'G2-k21.bf.data'
removed 'G2-k21.bf.size'
removed 'G2-k21.corrected.fastq'
removed 'G2-k21.histo.k-mer'
removed 'G2-k21.histo.qs'
removed 'G2-k21.kmc.00000.log'
Wed May 23 19:03:03 UTC 2018	moving on to next k

Wed May 23 19:03:03 UTC 2018	Running bless with k=23

Wed May 23 19:45:54 UTC 2018	Number of unique solid k-mers (k=23): Ns = 725692624
Wed May 23 19:45:54 UTC 2018	Checking criterion: Ns / 4 ^ k < 0.0001 ..
Wed May 23 19:45:54 UTC 2018	725692624 / 4 ^ 23 = 1.03127124475577e-05 -> OK!
Wed May 23 19:45:54 UTC 2018	Will now search for the k-mer length at which the number of corrected bases is maximal
Wed May 23 19:45:54 UTC 2018	moving on to next k

Wed May 23 19:45:54 UTC 2018	Running bless with k=25

Wed May 23 20:07:23 UTC 2018	Checking number of corrected errors - k=23 vs. k=25
Wed May 23 20:07:23 UTC 2018	25 is the winner - 7660311 < 7729870
Wed May 23 20:07:23 UTC 2018	moving on to next k

Wed May 23 20:07:23 UTC 2018	Running bless with k=27

Wed May 23 20:30:18 UTC 2018	Checking number of corrected errors - k=25 vs. k=27
Wed May 23 20:30:18 UTC 2018	27 is the winner - 7729870 < 7796349
Wed May 23 20:30:18 UTC 2018	moving on to next k

Wed May 23 20:30:19 UTC 2018	Running bless with k=29

Wed May 23 21:26:50 UTC 2018	Checking number of corrected errors - k=27 vs. k=29
Wed May 23 21:26:50 UTC 2018	29 is the winner - 7796349 < 7874080
Wed May 23 21:26:50 UTC 2018	moving on to next k

Wed May 23 21:26:50 UTC 2018	Running bless with k=31

Wed May 23 22:15:10 UTC 2018	Checking number of corrected errors - k=29 vs. k=31
Wed May 23 22:15:10 UTC 2018	31 is the winner - 7874080 < 7934097
Wed May 23 22:15:10 UTC 2018	moving on to next k

Wed May 23 22:15:10 UTC 2018	Running bless with k=33

Wed May 23 23:18:18 UTC 2018	Checking number of corrected errors - k=31 vs. k=33
Wed May 23 23:18:18 UTC 2018	33 is the winner - 7934097 < 7975497
Wed May 23 23:18:18 UTC 2018	moving on to next k

Wed May 23 23:18:19 UTC 2018	Running bless with k=35

Thu May 24 00:09:57 UTC 2018	Checking number of corrected errors - k=33 vs. k=35
Thu May 24 00:09:57 UTC 2018	35 is the winner - 7975497 < 11717380
Thu May 24 00:09:57 UTC 2018	moving on to next k

Thu May 24 00:09:59 UTC 2018	Running bless with k=37

Thu May 24 01:49:24 UTC 2018	Checking number of corrected errors - k=35 vs. k=37
Thu May 24 01:49:24 UTC 2018	35 is the winner - 11717380 > 10797061
Thu May 24 01:49:24 UTC 2018	Done!

